<?xml version="1.0" encoding="UTF-8"?>
<testng-results ignored="0" total="1" passed="0" failed="1" skipped="0">
  <reporter-output>
    <line>
      <![CDATA[database connected]]>
    </line>
    <line>
      <![CDATA[browser launched successfully]]>
    </line>
    <line>
      <![CDATA[logged in successfully]]>
    </line>
    <line>
      <![CDATA[Logged out successfully]]>
    </line>
    <line>
      <![CDATA[Browser closed successfully]]>
    </line>
    <line>
      <![CDATA[database disconnected]]>
    </line>
  </reporter-output>
  <suite started-at="2023-09-30T09:40:43 IST" name="Default suite" finished-at="2023-09-30T09:41:06 IST" duration-ms="23636">
    <groups>
    </groups>
    <test started-at="2023-09-30T09:40:43 IST" name="Default test" finished-at="2023-09-30T09:41:06 IST" duration-ms="23636">
      <class name="com.Actime.TestScript.CreateCustomer">
        <test-method is-config="true" signature="databasecoonectToDatabase()[pri:0, instance:com.Actime.TestScript.CreateCustomer@239a307b]" started-at="2023-09-30T09:40:43 IST" name="databasecoonectToDatabase" finished-at="2023-09-30T09:40:43 IST" duration-ms="17" status="PASS">
          <reporter-output>
            <line>
              <![CDATA[database connected]]>
            </line>
          </reporter-output>
        </test-method> <!-- databasecoonectToDatabase -->
        <test-method is-config="true" signature="launcBrowser()[pri:0, instance:com.Actime.TestScript.CreateCustomer@239a307b]" started-at="2023-09-30T09:40:43 IST" name="launcBrowser" finished-at="2023-09-30T09:40:55 IST" duration-ms="12617" status="PASS">
          <reporter-output>
            <line>
              <![CDATA[browser launched successfully]]>
            </line>
          </reporter-output>
        </test-method> <!-- launcBrowser -->
        <test-method is-config="true" signature="loginToActitime()[pri:0, instance:com.Actime.TestScript.CreateCustomer@239a307b]" started-at="2023-09-30T09:40:55 IST" name="loginToActitime" finished-at="2023-09-30T09:40:56 IST" duration-ms="529" status="PASS">
          <reporter-output>
            <line>
              <![CDATA[logged in successfully]]>
            </line>
          </reporter-output>
        </test-method> <!-- loginToActitime -->
        <test-method signature="createCustomer()[pri:0, instance:com.Actime.TestScript.CreateCustomer@239a307b]" started-at="2023-09-30T09:40:56 IST" name="createCustomer" finished-at="2023-09-30T09:41:06 IST" duration-ms="10017" status="FAIL">
          <exception class="java.lang.AssertionError">
            <message>
              <![CDATA[The following asserts failed:
expected [] but found [SBI_001]]]>
            </message>
            <full-stacktrace>
              <![CDATA[java.lang.AssertionError: The following asserts failed:
expected [] but found [SBI_001]
at org.testng.asserts.SoftAssert.assertAll(SoftAssert.java:46)
at org.testng.asserts.SoftAssert.assertAll(SoftAssert.java:30)
at com.Actime.TestScript.CreateCustomer.createCustomer(CreateCustomer.java:39)
at java.base/jdk.internal.reflect.DirectMethodHandleAccessor.invoke(DirectMethodHandleAccessor.java:104)
at java.base/java.lang.reflect.Method.invoke(Method.java:578)
at org.testng.internal.invokers.MethodInvocationHelper.invokeMethod(MethodInvocationHelper.java:139)
at org.testng.internal.invokers.TestInvoker.invokeMethod(TestInvoker.java:664)
at org.testng.internal.invokers.TestInvoker.invokeTestMethod(TestInvoker.java:227)
at org.testng.internal.invokers.MethodRunner.runInSequence(MethodRunner.java:50)
at org.testng.internal.invokers.TestInvoker$MethodInvocationAgent.invoke(TestInvoker.java:957)
at org.testng.internal.invokers.TestInvoker.invokeTestMethods(TestInvoker.java:200)
at org.testng.internal.invokers.TestMethodWorker.invokeTestMethods(TestMethodWorker.java:148)
at org.testng.internal.invokers.TestMethodWorker.run(TestMethodWorker.java:128)
at java.base/java.util.ArrayList.forEach(ArrayList.java:1511)
at org.testng.TestRunner.privateRun(TestRunner.java:848)
at org.testng.TestRunner.run(TestRunner.java:621)
at org.testng.SuiteRunner.runTest(SuiteRunner.java:443)
at org.testng.SuiteRunner.runSequentially(SuiteRunner.java:437)
at org.testng.SuiteRunner.privateRun(SuiteRunner.java:397)
at org.testng.SuiteRunner.run(SuiteRunner.java:336)
at org.testng.SuiteRunnerWorker.runSuite(SuiteRunnerWorker.java:52)
at org.testng.SuiteRunnerWorker.run(SuiteRunnerWorker.java:95)
at org.testng.TestNG.runSuitesSequentially(TestNG.java:1280)
at org.testng.TestNG.runSuitesLocally(TestNG.java:1200)
at org.testng.TestNG.runSuites(TestNG.java:1114)
at org.testng.TestNG.run(TestNG.java:1082)
at org.testng.remote.AbstractRemoteTestNG.run(AbstractRemoteTestNG.java:115)
at org.testng.remote.RemoteTestNG.initAndRun(RemoteTestNG.java:251)
at org.testng.remote.RemoteTestNG.main(RemoteTestNG.java:77)
]]>
            </full-stacktrace>
          </exception> <!-- java.lang.AssertionError -->
          <reporter-output>
          </reporter-output>
        </test-method> <!-- createCustomer -->
        <test-method is-config="true" signature="logoutFromActitime()[pri:0, instance:com.Actime.TestScript.CreateCustomer@239a307b]" started-at="2023-09-30T09:41:06 IST" name="logoutFromActitime" finished-at="2023-09-30T09:41:06 IST" duration-ms="28" status="PASS">
          <reporter-output>
            <line>
              <![CDATA[Logged out successfully]]>
            </line>
          </reporter-output>
        </test-method> <!-- logoutFromActitime -->
        <test-method is-config="true" signature="closeBrowser()[pri:0, instance:com.Actime.TestScript.CreateCustomer@239a307b]" started-at="2023-09-30T09:41:06 IST" name="closeBrowser" finished-at="2023-09-30T09:41:06 IST" duration-ms="379" status="PASS">
          <reporter-output>
            <line>
              <![CDATA[Browser closed successfully]]>
            </line>
          </reporter-output>
        </test-method> <!-- closeBrowser -->
        <test-method is-config="true" signature="closedatabaseConnection()[pri:0, instance:com.Actime.TestScript.CreateCustomer@239a307b]" started-at="2023-09-30T09:41:06 IST" name="closedatabaseConnection" finished-at="2023-09-30T09:41:06 IST" duration-ms="0" status="PASS">
          <reporter-output>
            <line>
              <![CDATA[database disconnected]]>
            </line>
          </reporter-output>
        </test-method> <!-- closedatabaseConnection -->
      </class> <!-- com.Actime.TestScript.CreateCustomer -->
    </test> <!-- Default test -->
  </suite> <!-- Default suite -->
</testng-results>
